<?xml version="1.0" encoding="UTF-8"?>
<!-- Generated by org.testng.reporters.JUnitXMLReporter -->
<testsuite ignored="1" hostname="DESKTOP-8H6GSNR" failures="0" tests="1" name="BetterPlace WebApp Test - FALSE URL" time="1.168" errors="0" timestamp="2021-09-02T12:18:14 CEST">
  <testcase classname="testNG_Engine.DriverFactory" name="@BeforeClass setup" time="1.153">
    <failure type="org.openqa.selenium.SessionNotCreatedException" message="session not created: This version of ChromeDriver only supports Chrome version 90
Current browser version is 93.0.4577.63 with binary path C:\Program Files\Google\Chrome\Application\chrome.exe
Build info: version: &amp;apos;3.141.59&amp;apos;, revision: &amp;apos;e82be7d358&amp;apos;, time: &amp;apos;2018-11-14T08:17:03&amp;apos;
System info: host: &amp;apos;DESKTOP-8H6GSNR&amp;apos;, ip: &amp;apos;192.168.1.4&amp;apos;, os.name: &amp;apos;Windows 10&amp;apos;, os.arch: &amp;apos;amd64&amp;apos;, os.version: &amp;apos;10.0&amp;apos;, java.version: &amp;apos;11.0.10&amp;apos;
Driver info: driver.version: ChromeDriver
remote stacktrace: Backtrace:
	Ordinal0 [0x00BCC013+2474003]
	Ordinal0 [0x00B629C1+2042305]
	Ordinal0 [0x00A72F68+1060712]
	Ordinal0 [0x00A9188E+1185934]
	Ordinal0 [0x00A8D600+1168896]
	Ordinal0 [0x00A8AA83+1157763]
	Ordinal0 [0x00ABA2A2+1352354]
	Ordinal0 [0x00AB8FAA+1347498]
	Ordinal0 [0x00AB66DB+1337051]
	Ordinal0 [0x00A93427+1192999]
	Ordinal0 [0x00A942EE+1196782]
	Ordinal0 [0x00A94279+1196665]
	GetHandleVerifier [0x00D596FC+1590332]
	GetHandleVerifier [0x00E08614+2306900]
	GetHandleVerifier [0x00C59E93+543699]
	GetHandleVerifier [0x00C592CE+540686]
	Ordinal0 [0x00B686BA+2066106]
	Ordinal0 [0x00B6D1C8+2085320]
	Ordinal0 [0x00B6D308+2085640]
	Ordinal0 [0x00B767F3+2123763]
	BaseThreadInitThunk [0x75E9FA29+25]
	RtlGetAppContainerNamedObjectPath [0x77427A7E+286]
	RtlGetAppContainerNamedObjectPath [0x77427A4E+238]
">
      <![CDATA[org.openqa.selenium.SessionNotCreatedException: session not created: This version of ChromeDriver only supports Chrome version 90
Current browser version is 93.0.4577.63 with binary path C:\Program Files\Google\Chrome\Application\chrome.exe
Build info: version: '3.141.59', revision: 'e82be7d358', time: '2018-11-14T08:17:03'
System info: host: 'DESKTOP-8H6GSNR', ip: '192.168.1.4', os.name: 'Windows 10', os.arch: 'amd64', os.version: '10.0', java.version: '11.0.10'
Driver info: driver.version: ChromeDriver
remote stacktrace: Backtrace:
Ordinal0 [0x00BCC013+2474003]
Ordinal0 [0x00B629C1+2042305]
Ordinal0 [0x00A72F68+1060712]
Ordinal0 [0x00A9188E+1185934]
Ordinal0 [0x00A8D600+1168896]
Ordinal0 [0x00A8AA83+1157763]
Ordinal0 [0x00ABA2A2+1352354]
Ordinal0 [0x00AB8FAA+1347498]
Ordinal0 [0x00AB66DB+1337051]
Ordinal0 [0x00A93427+1192999]
Ordinal0 [0x00A942EE+1196782]
Ordinal0 [0x00A94279+1196665]
GetHandleVerifier [0x00D596FC+1590332]
GetHandleVerifier [0x00E08614+2306900]
GetHandleVerifier [0x00C59E93+543699]
GetHandleVerifier [0x00C592CE+540686]
Ordinal0 [0x00B686BA+2066106]
Ordinal0 [0x00B6D1C8+2085320]
Ordinal0 [0x00B6D308+2085640]
Ordinal0 [0x00B767F3+2123763]
BaseThreadInitThunk [0x75E9FA29+25]
RtlGetAppContainerNamedObjectPath [0x77427A7E+286]
RtlGetAppContainerNamedObjectPath [0x77427A4E+238]

at org.openqa.selenium.remote.W3CHandshakeResponse.lambda$errorHandler$0(W3CHandshakeResponse.java:62)
at org.openqa.selenium.remote.HandshakeResponse.lambda$getResponseFunction$0(HandshakeResponse.java:30)
at org.openqa.selenium.remote.ProtocolHandshake.lambda$createSession$0(ProtocolHandshake.java:126)
at java.base/java.util.stream.ReferencePipeline$3$1.accept(ReferencePipeline.java:195)
at java.base/java.util.Spliterators$ArraySpliterator.tryAdvance(Spliterators.java:958)
at java.base/java.util.stream.ReferencePipeline.forEachWithCancel(ReferencePipeline.java:127)
at java.base/java.util.stream.AbstractPipeline.copyIntoWithCancel(AbstractPipeline.java:502)
at java.base/java.util.stream.AbstractPipeline.copyInto(AbstractPipeline.java:488)
at java.base/java.util.stream.AbstractPipeline.wrapAndCopyInto(AbstractPipeline.java:474)
at java.base/java.util.stream.FindOps$FindOp.evaluateSequential(FindOps.java:150)
at java.base/java.util.stream.AbstractPipeline.evaluate(AbstractPipeline.java:234)
at java.base/java.util.stream.ReferencePipeline.findFirst(ReferencePipeline.java:543)
at org.openqa.selenium.remote.ProtocolHandshake.createSession(ProtocolHandshake.java:128)
at org.openqa.selenium.remote.ProtocolHandshake.createSession(ProtocolHandshake.java:74)
at org.openqa.selenium.remote.HttpCommandExecutor.execute(HttpCommandExecutor.java:136)
at org.openqa.selenium.remote.service.DriverCommandExecutor.execute(DriverCommandExecutor.java:83)
at org.openqa.selenium.remote.RemoteWebDriver.execute(RemoteWebDriver.java:552)
at org.openqa.selenium.remote.RemoteWebDriver.startSession(RemoteWebDriver.java:213)
at org.openqa.selenium.remote.RemoteWebDriver.<init>(RemoteWebDriver.java:131)
at org.openqa.selenium.chrome.ChromeDriver.<init>(ChromeDriver.java:181)
at org.openqa.selenium.chrome.ChromeDriver.<init>(ChromeDriver.java:147)
at testNG_Engine.DriverFactory.setup(DriverFactory.java:62)
at java.base/java.util.ArrayList.forEach(ArrayList.java:1541)
... Removed 29 stack frames]]>
    </failure>
  </testcase> <!-- @BeforeClass setup -->
  <testcase classname="testNG_Engine.DriverFactory" name="@AfterTest tarDown" time="0.0">
    <failure type="java.lang.NullPointerException">
      <![CDATA[java.lang.NullPointerException
at testNG_Engine.DriverFactory.tarDown(DriverFactory.java:77)
... Removed 24 stack frames]]>
    </failure>
  </testcase> <!-- @AfterTest tarDown -->
  <testcase classname="betterplace.testCases.WebApplicationTests" name="t02_DonationFormFill" time="0.0">
    <skipped/>
  </testcase> <!-- t02_DonationFormFill -->
  <testcase classname="betterplace.testCases.WebApplicationTests" name="t01_DonationFormPageUI" time="0.0">
    <ignored/>
  </testcase> <!-- t01_DonationFormPageUI -->
</testsuite> <!-- BetterPlace WebApp Test - FALSE URL -->
